Sat Aug 10 2024 14:49:07 GMT-0300 (Brasilia Standard Time): INFO - Roles retornados por User: henriquepinheiro18@gmail.com
Sat Aug 10 2024 14:49:07 GMT-0300 (Brasilia Standard Time): INFO - Roles retornados por User: henriquepinheiro18@gmail.com
Sat Aug 10 2024 14:49:21 GMT-0300 (Brasilia Standard Time): INFO - Roles retornados por User: henriquepinheiro18@gmail.com
Sat Aug 10 2024 14:49:21 GMT-0300 (Brasilia Standard Time): INFO - Roles retornados por User: henriquepinheiro18@gmail.com
Sat Aug 10 2024 14:50:44 GMT-0300 (Brasilia Standard Time): INFO - Roles retornados por User: henriquepinheiro18@gmail.com
Sat Aug 10 2024 14:50:44 GMT-0300 (Brasilia Standard Time): INFO - Roles retornados por User: henriquepinheiro18@gmail.com
Sat Aug 10 2024 14:51:44 GMT-0300 (Brasilia Standard Time): INFO - Roles retornados por User: henriquepinheiro18@gmail.com
Sat Aug 10 2024 14:51:44 GMT-0300 (Brasilia Standard Time): INFO - Roles retornados por User: henriquepinheiro18@gmail.com
Sat Aug 10 2024 14:51:51 GMT-0300 (Brasilia Standard Time): INFO - Roles retornados por User: henriquepinheiro18@gmail.com
Sat Aug 10 2024 14:51:51 GMT-0300 (Brasilia Standard Time): INFO - Roles retornados por User: henriquepinheiro18@gmail.com
Sat Aug 10 2024 14:53:02 GMT-0300 (Brasilia Standard Time): INFO - Roles retornados por User: henriquepinheiro18@gmail.com
Sat Aug 10 2024 14:53:02 GMT-0300 (Brasilia Standard Time): INFO - Roles retornados por User: henriquepinheiro18@gmail.com
Sat Aug 10 2024 14:53:03 GMT-0300 (Brasilia Standard Time): INFO - Roles retornados por User: henriquepinheiro18@gmail.com
Sat Aug 10 2024 14:53:03 GMT-0300 (Brasilia Standard Time): INFO - Roles retornados por User: henriquepinheiro18@gmail.com
Sat Aug 10 2024 14:53:06 GMT-0300 (Brasilia Standard Time): INFO - Roles retornados por User: henriquepinheiro18@gmail.com
Sat Aug 10 2024 14:53:06 GMT-0300 (Brasilia Standard Time): INFO - Roles retornados por User: henriquepinheiro18@gmail.com
Sat Aug 10 2024 14:53:13 GMT-0300 (Brasilia Standard Time): INFO - Roles retornados por User: henriquepinheiro18@gmail.com
Sat Aug 10 2024 14:53:13 GMT-0300 (Brasilia Standard Time): INFO - Roles retornados por User: henriquepinheiro18@gmail.com
Sat Aug 10 2024 14:53:15 GMT-0300 (Brasilia Standard Time): INFO - Roles retornados por User: henriquepinheiro18@gmail.com
Sat Aug 10 2024 14:53:15 GMT-0300 (Brasilia Standard Time): INFO - Roles retornados por User: henriquepinheiro18@gmail.com
Sat Aug 10 2024 14:53:31 GMT-0300 (Brasilia Standard Time): INFO - Roles retornados por User: henriquepinheiro18@gmail.com
Sat Aug 10 2024 14:53:31 GMT-0300 (Brasilia Standard Time): INFO - Roles retornados por User: henriquepinheiro18@gmail.com
Sat Aug 10 2024 14:53:33 GMT-0300 (Brasilia Standard Time): INFO - Roles retornados por User: henriquepinheiro18@gmail.com
Sat Aug 10 2024 14:53:33 GMT-0300 (Brasilia Standard Time): INFO - Roles retornados por User: henriquepinheiro18@gmail.com
Sat Aug 10 2024 14:53:35 GMT-0300 (Brasilia Standard Time): INFO - Roles retornados por User: henriquepinheiro18@gmail.com
Sat Aug 10 2024 14:53:35 GMT-0300 (Brasilia Standard Time): INFO - Roles retornados por User: henriquepinheiro18@gmail.com
Sat Aug 10 2024 14:54:02 GMT-0300 (Brasilia Standard Time): INFO - Roles retornados por User: henriquepinheiro18@gmail.com
Sat Aug 10 2024 14:54:02 GMT-0300 (Brasilia Standard Time): INFO - Roles retornados por User: henriquepinheiro18@gmail.com
Sat Aug 10 2024 14:54:04 GMT-0300 (Brasilia Standard Time): INFO - Roles retornados por User: henriquepinheiro18@gmail.com
Sat Aug 10 2024 14:54:04 GMT-0300 (Brasilia Standard Time): INFO - Roles retornados por User: henriquepinheiro18@gmail.com
Sat Aug 10 2024 14:54:07 GMT-0300 (Brasilia Standard Time): INFO - Roles retornados por User: henriquepinheiro18@gmail.com
Sat Aug 10 2024 14:54:07 GMT-0300 (Brasilia Standard Time): INFO - Roles retornados por User: henriquepinheiro18@gmail.com
Sat Aug 10 2024 14:54:13 GMT-0300 (Brasilia Standard Time): INFO - Roles retornados por User: henriquepinheiro18@gmail.com
Sat Aug 10 2024 14:54:13 GMT-0300 (Brasilia Standard Time): INFO - Roles retornados por User: henriquepinheiro18@gmail.com
Sat Aug 10 2024 14:54:23 GMT-0300 (Brasilia Standard Time): INFO - Roles retornados por User: henriquepinheiro18@gmail.com
Sat Aug 10 2024 14:54:23 GMT-0300 (Brasilia Standard Time): INFO - Roles retornados por User: henriquepinheiro18@gmail.com
Sat Aug 10 2024 14:54:29 GMT-0300 (Brasilia Standard Time): INFO - Roles retornados por User: henriquepinheiro18@gmail.com
Sat Aug 10 2024 14:54:29 GMT-0300 (Brasilia Standard Time): INFO - Roles retornados por User: henriquepinheiro18@gmail.com
Sat Aug 10 2024 14:54:31 GMT-0300 (Brasilia Standard Time): INFO - Roles retornados por User: henriquepinheiro18@gmail.com
Sat Aug 10 2024 14:54:31 GMT-0300 (Brasilia Standard Time): INFO - Roles retornados por User: henriquepinheiro18@gmail.com
Sat Aug 10 2024 14:54:43 GMT-0300 (Brasilia Standard Time): INFO - Roles retornados por User: henriquepinheiro18@gmail.com
Sat Aug 10 2024 14:54:43 GMT-0300 (Brasilia Standard Time): INFO - Roles retornados por User: henriquepinheiro18@gmail.com
Sat Aug 10 2024 14:55:46 GMT-0300 (Brasilia Standard Time): INFO - Roles retornados por User: henriquepinheiro18@gmail.com
Sat Aug 10 2024 14:55:54 GMT-0300 (Brasilia Standard Time): INFO - Roles retornados por User: henriquepinheiro18@gmail.com
Sat Aug 10 2024 14:55:58 GMT-0300 (Brasilia Standard Time): INFO - Roles retornados por User: henriquepinheiro18@gmail.com
Sat Aug 10 2024 14:56:12 GMT-0300 (Brasilia Standard Time): INFO - Roles retornados por User: henriquepinheiro18@gmail.com
Sat Aug 10 2024 14:56:12 GMT-0300 (Brasilia Standard Time): INFO - Roles retornados por User: henriquepinheiro18@gmail.com
Sat Aug 10 2024 14:57:00 GMT-0300 (Brasilia Standard Time): INFO - Roles retornados por User: henriquepinheiro18@gmail.com
Sat Aug 10 2024 14:57:04 GMT-0300 (Brasilia Standard Time): INFO - Roles retornados por User: henriquepinheiro18@gmail.com
Sat Aug 10 2024 14:57:04 GMT-0300 (Brasilia Standard Time): INFO - Roles retornados por User: henriquepinheiro18@gmail.com
Sat Aug 10 2024 14:57:09 GMT-0300 (Brasilia Standard Time): INFO - Roles retornados por User: henriquepinheiro18@gmail.com
Sat Aug 10 2024 14:57:09 GMT-0300 (Brasilia Standard Time): INFO - Roles retornados por User: henriquepinheiro18@gmail.com
Sat Aug 10 2024 14:57:39 GMT-0300 (Brasilia Standard Time): INFO - Roles retornados por User: henriquepinheiro18@gmail.com
Sat Aug 10 2024 14:57:41 GMT-0300 (Brasilia Standard Time): INFO - Roles retornados por User: henriquepinheiro18@gmail.com
Sat Aug 10 2024 14:57:44 GMT-0300 (Brasilia Standard Time): INFO - Roles retornados por User: henriquepinheiro18@gmail.com
Sat Aug 10 2024 14:57:44 GMT-0300 (Brasilia Standard Time): INFO - Roles retornados por User: henriquepinheiro18@gmail.com
Sat Aug 10 2024 14:58:28 GMT-0300 (Brasilia Standard Time): INFO - Roles retornados por User: henriquepinheiro18@gmail.com
Sat Aug 10 2024 14:58:28 GMT-0300 (Brasilia Standard Time): INFO - Roles retornados por User: henriquepinheiro18@gmail.com
Sat Aug 10 2024 14:58:40 GMT-0300 (Brasilia Standard Time): INFO - Roles retornados por User: henriquepinheiro18@gmail.com
Sat Aug 10 2024 14:58:40 GMT-0300 (Brasilia Standard Time): INFO - Roles retornados por User: henriquepinheiro18@gmail.com
Sat Aug 10 2024 15:01:10 GMT-0300 (Brasilia Standard Time): INFO - Roles retornados por User: henriquepinheiro18@gmail.com
Sat Aug 10 2024 15:01:17 GMT-0300 (Brasilia Standard Time): INFO - Roles retornados por User: henriquepinheiro18@gmail.com
Sat Aug 10 2024 15:01:17 GMT-0300 (Brasilia Standard Time): INFO - Roles retornados por User: henriquepinheiro18@gmail.com
Sat Aug 10 2024 15:02:14 GMT-0300 (Brasilia Standard Time): INFO - Roles retornados por User: henriquepinheiro18@gmail.com
Sat Aug 10 2024 15:02:14 GMT-0300 (Brasilia Standard Time): INFO - Roles retornados por User: henriquepinheiro18@gmail.com
Sat Aug 10 2024 15:04:26 GMT-0300 (Brasilia Standard Time): INFO - Roles retornados por User: henriquepinheiro18@gmail.com
Sat Aug 10 2024 15:04:26 GMT-0300 (Brasilia Standard Time): INFO - Roles retornados por User: henriquepinheiro18@gmail.com
Sat Aug 10 2024 15:05:36 GMT-0300 (Brasilia Standard Time): INFO - Roles retornados por User: henriquepinheiro18@gmail.com
Sat Aug 10 2024 15:05:42 GMT-0300 (Brasilia Standard Time): INFO - Roles retornados por User: henriquepinheiro18@gmail.com
Sat Aug 10 2024 15:05:44 GMT-0300 (Brasilia Standard Time): INFO - Roles retornados por User: henriquepinheiro18@gmail.com
Sat Aug 10 2024 15:06:13 GMT-0300 (Brasilia Standard Time): INFO - Roles retornados por User: henriquepinheiro18@gmail.com
Sat Aug 10 2024 15:07:36 GMT-0300 (Brasilia Standard Time): INFO - Roles retornados por User: henriquepinheiro18@gmail.com
Sat Aug 10 2024 15:07:39 GMT-0300 (Brasilia Standard Time): INFO - Roles retornados por User: henriquepinheiro18@gmail.com
Sat Aug 10 2024 15:07:41 GMT-0300 (Brasilia Standard Time): INFO - Roles retornados por User: henriquepinheiro18@gmail.com
Sat Aug 10 2024 15:07:43 GMT-0300 (Brasilia Standard Time): INFO - Roles retornados por User: henriquepinheiro18@gmail.com
Sat Aug 10 2024 15:09:34 GMT-0300 (Brasilia Standard Time): INFO - Roles retornados por User: henriquepinheiro18@gmail.com
Sat Aug 10 2024 15:09:41 GMT-0300 (Brasilia Standard Time): INFO - Roles retornados por User: henriquepinheiro18@gmail.com
Sat Aug 10 2024 15:09:45 GMT-0300 (Brasilia Standard Time): INFO - Roles retornados por User: henriquepinheiro18@gmail.com
Sat Aug 10 2024 15:09:51 GMT-0300 (Brasilia Standard Time): INFO - Roles retornados por User: henriquepinheiro18@gmail.com
Sat Aug 10 2024 15:10:49 GMT-0300 (Brasilia Standard Time): INFO - Roles retornados por User: henriquepinheiro18@gmail.com
Sat Aug 10 2024 15:10:49 GMT-0300 (Brasilia Standard Time): INFO - Roles retornados por User: henriquepinheiro18@gmail.com
Sat Aug 10 2024 15:13:22 GMT-0300 (Brasilia Standard Time): INFO - Roles retornados por User: henriquepinheiro18@gmail.com
Sat Aug 10 2024 15:13:22 GMT-0300 (Brasilia Standard Time): INFO - Roles retornados por User: henriquepinheiro18@gmail.com
Sat Aug 10 2024 15:17:29 GMT-0300 (Brasilia Standard Time): INFO - Roles retornados por User: henriquepinheiro18@gmail.com
Sat Aug 10 2024 15:17:29 GMT-0300 (Brasilia Standard Time): INFO - Roles retornados por User: henriquepinheiro18@gmail.com
Sat Aug 10 2024 15:18:53 GMT-0300 (Brasilia Standard Time): INFO - Roles retornados por User: henriquepinheiro18@gmail.com
Sat Aug 10 2024 15:19:00 GMT-0300 (Brasilia Standard Time): INFO - Roles retornados por User: henriquepinheiro18@gmail.com
Sat Aug 10 2024 15:19:02 GMT-0300 (Brasilia Standard Time): INFO - Roles retornados por User: henriquepinheiro18@gmail.com
Sat Aug 10 2024 15:19:04 GMT-0300 (Brasilia Standard Time): INFO - Roles retornados por User: henriquepinheiro18@gmail.com
Sat Aug 10 2024 15:19:05 GMT-0300 (Brasilia Standard Time): INFO - Roles retornados por User: henriquepinheiro18@gmail.com
Sat Aug 10 2024 15:19:18 GMT-0300 (Brasilia Standard Time): INFO - Roles retornados por User: henriquepinheiro18@gmail.com
Sat Aug 10 2024 15:19:33 GMT-0300 (Brasilia Standard Time): INFO - Roles retornados por User: henriquepinheiro18@gmail.com
Sat Aug 10 2024 15:19:33 GMT-0300 (Brasilia Standard Time): INFO - Roles retornados por User: henriquepinheiro18@gmail.com
Sat Aug 10 2024 15:20:08 GMT-0300 (Brasilia Standard Time): INFO - Roles retornados por User: henriquepinheiro18@gmail.com
Sat Aug 10 2024 15:20:09 GMT-0300 (Brasilia Standard Time): INFO - Roles retornados por User: henriquepinheiro18@gmail.com
Sat Aug 10 2024 15:20:10 GMT-0300 (Brasilia Standard Time): INFO - Roles retornados por User: henriquepinheiro18@gmail.com
Sat Aug 10 2024 15:20:14 GMT-0300 (Brasilia Standard Time): INFO - Roles retornados por User: henriquepinheiro18@gmail.com
Sat Aug 10 2024 15:20:21 GMT-0300 (Brasilia Standard Time): INFO - Roles retornados por User: henriquepinheiro18@gmail.com
Sat Aug 10 2024 15:20:24 GMT-0300 (Brasilia Standard Time): INFO - Roles retornados por User: henriquepinheiro18@gmail.com
Sat Aug 10 2024 15:20:28 GMT-0300 (Brasilia Standard Time): INFO - Roles retornados por User: henriquepinheiro18@gmail.com
Sat Aug 10 2024 15:20:29 GMT-0300 (Brasilia Standard Time): INFO - Roles retornados por User: henriquepinheiro18@gmail.com
Sat Aug 10 2024 15:20:32 GMT-0300 (Brasilia Standard Time): INFO - Roles retornados por User: henriquepinheiro18@gmail.com
Sat Aug 10 2024 15:20:33 GMT-0300 (Brasilia Standard Time): INFO - Roles retornados por User: henriquepinheiro18@gmail.com
Sat Aug 10 2024 15:20:48 GMT-0300 (Brasilia Standard Time): INFO - Roles retornados por User: henriquepinheiro18@gmail.com
Sat Aug 10 2024 15:20:49 GMT-0300 (Brasilia Standard Time): INFO - Roles retornados por User: henriquepinheiro18@gmail.com
Sat Aug 10 2024 15:20:50 GMT-0300 (Brasilia Standard Time): INFO - Roles retornados por User: henriquepinheiro18@gmail.com
Sat Aug 10 2024 15:20:53 GMT-0300 (Brasilia Standard Time): INFO - Roles retornados por User: henriquepinheiro18@gmail.com
Sat Aug 10 2024 15:21:40 GMT-0300 (Brasilia Standard Time): INFO - Roles retornados por User: henriquepinheiro18@gmail.com
Sat Aug 10 2024 15:21:40 GMT-0300 (Brasilia Standard Time): INFO - Roles retornados por User: henriquepinheiro18@gmail.com
Sat Aug 10 2024 15:21:45 GMT-0300 (Brasilia Standard Time): INFO - Roles retornados por User: henriquepinheiro18@gmail.com
Sat Aug 10 2024 15:21:45 GMT-0300 (Brasilia Standard Time): INFO - Roles retornados por User: henriquepinheiro18@gmail.com
Sat Aug 10 2024 15:24:27 GMT-0300 (Brasilia Standard Time): INFO - Roles retornados por User: henriquepinheiro18@gmail.com
Sat Aug 10 2024 15:27:12 GMT-0300 (Brasilia Standard Time): INFO - Roles retornados por User: henriquepinheiro18@gmail.com
Sat Aug 10 2024 15:27:16 GMT-0300 (Brasilia Standard Time): INFO - Roles retornados por User: henriquepinheiro18@gmail.com
Sat Aug 10 2024 15:27:30 GMT-0300 (Brasilia Standard Time): INFO - Roles retornados por User: henriquepinheiro18@gmail.com
Sat Aug 10 2024 15:27:30 GMT-0300 (Brasilia Standard Time): INFO - Roles retornados por User: henriquepinheiro18@gmail.com
Sat Aug 10 2024 15:28:29 GMT-0300 (Brasilia Standard Time): INFO - Roles retornados por User: henriquepinheiro18@gmail.com
Sat Aug 10 2024 15:28:29 GMT-0300 (Brasilia Standard Time): INFO - Roles retornados por User: henriquepinheiro18@gmail.com
Sat Aug 10 2024 15:29:26 GMT-0300 (Brasilia Standard Time): INFO - Roles retornados por User: henriquepinheiro18@gmail.com
Sat Aug 10 2024 15:29:39 GMT-0300 (Brasilia Standard Time): INFO - Roles retornados por User: henriquepinheiro18@gmail.com
Sat Aug 10 2024 15:29:43 GMT-0300 (Brasilia Standard Time): INFO - Roles retornados por User: henriquepinheiro18@gmail.com
Sat Aug 10 2024 15:29:43 GMT-0300 (Brasilia Standard Time): INFO - Roles retornados por User: henriquepinheiro18@gmail.com
Sat Aug 10 2024 15:31:42 GMT-0300 (Brasilia Standard Time): INFO - Roles retornados por User: henriquepinheiro18@gmail.com
Sat Aug 10 2024 15:31:43 GMT-0300 (Brasilia Standard Time): INFO - Roles retornados por User: henriquepinheiro18@gmail.com
Sat Aug 10 2024 15:33:38 GMT-0300 (Brasilia Standard Time): INFO - Roles retornados por User: henriquepinheiro18@gmail.com
Sat Aug 10 2024 15:33:38 GMT-0300 (Brasilia Standard Time): INFO - Roles retornados por User: henriquepinheiro18@gmail.com
Sat Aug 10 2024 15:35:09 GMT-0300 (Brasilia Standard Time): INFO - Roles retornados por User: henriquepinheiro18@gmail.com
Sat Aug 10 2024 15:35:13 GMT-0300 (Brasilia Standard Time): INFO - Roles retornados por User: henriquepinheiro18@gmail.com
Sat Aug 10 2024 15:35:15 GMT-0300 (Brasilia Standard Time): INFO - Roles retornados por User: henriquepinheiro18@gmail.com
Sat Aug 10 2024 15:35:17 GMT-0300 (Brasilia Standard Time): INFO - Roles retornados por User: henriquepinheiro18@gmail.com
Sun Aug 11 2024 14:32:08 GMT-0300 (Brasilia Standard Time): INFO - Roles retornados por User: henriquepinheiro18@gmail.com
Sun Aug 11 2024 14:32:08 GMT-0300 (Brasilia Standard Time): INFO - Roles retornados por User: henriquepinheiro18@gmail.com
Sun Aug 11 2024 14:39:55 GMT-0300 (Brasilia Standard Time): INFO - Roles retornados por User: henriquepinheiro18@gmail.com
Sun Aug 11 2024 14:39:55 GMT-0300 (Brasilia Standard Time): INFO - Roles retornados por User: henriquepinheiro18@gmail.com
Sun Aug 11 2024 14:40:23 GMT-0300 (Brasilia Standard Time): INFO - Roles retornados por User: henriquepinheiro18@gmail.com
Sun Aug 11 2024 14:40:24 GMT-0300 (Brasilia Standard Time): INFO - Roles retornados por User: henriquepinheiro18@gmail.com
Sun Aug 11 2024 14:40:26 GMT-0300 (Brasilia Standard Time): INFO - Roles retornados por User: henriquepinheiro18@gmail.com
Sun Aug 11 2024 14:40:26 GMT-0300 (Brasilia Standard Time): INFO - Roles retornados por User: henriquepinheiro18@gmail.com
Sun Aug 11 2024 14:40:30 GMT-0300 (Brasilia Standard Time): INFO - Roles retornados por User: henriquepinheiro18@gmail.com
Sun Aug 11 2024 14:40:32 GMT-0300 (Brasilia Standard Time): INFO - Roles retornados por User: henriquepinheiro18@gmail.com
Sun Aug 11 2024 14:40:33 GMT-0300 (Brasilia Standard Time): INFO - Roles retornados por User: henriquepinheiro18@gmail.com
Sun Aug 11 2024 14:40:34 GMT-0300 (Brasilia Standard Time): INFO - Roles retornados por User: henriquepinheiro18@gmail.com
Sun Aug 11 2024 14:40:34 GMT-0300 (Brasilia Standard Time): INFO - Roles retornados por User: henriquepinheiro18@gmail.com
Sun Aug 11 2024 14:40:39 GMT-0300 (Brasilia Standard Time): INFO - Roles retornados por User: henriquepinheiro18@gmail.com
Sun Aug 11 2024 14:40:43 GMT-0300 (Brasilia Standard Time): INFO - Roles retornados por User: henriquepinheiro18@gmail.com
Sun Aug 11 2024 14:40:48 GMT-0300 (Brasilia Standard Time): INFO - Roles retornados por User: henriquepinheiro18@gmail.com
Sun Aug 11 2024 14:40:49 GMT-0300 (Brasilia Standard Time): INFO - Roles retornados por User: henriquepinheiro18@gmail.com
Sun Aug 11 2024 14:41:14 GMT-0300 (Brasilia Standard Time): INFO - Roles retornados por User: henriquepinheiro18@gmail.com
Sun Aug 11 2024 14:41:21 GMT-0300 (Brasilia Standard Time): INFO - Roles retornados por User: henriquepinheiro18@gmail.com
Sun Aug 11 2024 14:41:21 GMT-0300 (Brasilia Standard Time): INFO - Roles retornados por User: henriquepinheiro18@gmail.com
Sun Aug 11 2024 14:41:33 GMT-0300 (Brasilia Standard Time): INFO - Roles retornados por User: henriquepinheiro18@gmail.com
Sun Aug 11 2024 14:41:35 GMT-0300 (Brasilia Standard Time): INFO - Roles retornados por User: henriquepinheiro18@gmail.com
Mon Aug 12 2024 19:16:37 GMT-0300 (Brasilia Standard Time): INFO - Roles retornados por User: henriquepinheiro18@gmail.com
Mon Aug 12 2024 19:16:37 GMT-0300 (Brasilia Standard Time): INFO - Roles retornados por User: henriquepinheiro18@gmail.com
Mon Aug 12 2024 19:21:23 GMT-0300 (Brasilia Standard Time): INFO - Roles retornados por User: henriquepinheiro18@gmail.com
Mon Aug 12 2024 19:21:23 GMT-0300 (Brasilia Standard Time): INFO - Roles retornados por User: henriquepinheiro18@gmail.com
Mon Aug 12 2024 19:22:00 GMT-0300 (Brasilia Standard Time): INFO - Roles retornados por User: henriquepinheiro18@gmail.com
8/17/2024, 2:41:21 PM: INFO - Roles retornados por User: henriquepinheiro18@gmail.com
8/17/2024, 2:41:21 PM: INFO - Roles retornados por User: henriquepinheiro18@gmail.com
18/08/2024, 09:50:02: INFO - Roles retornados por User: henriquepinheiro18@gmail.com
18/08/2024, 09:50:02: INFO - Roles retornados por User: henriquepinheiro18@gmail.com
18/08/2024, 09:51:28: INFO - Roles retornados por User: henriquepinheiro18@gmail.com
18/08/2024, 09:51:28: INFO - Roles retornados por User: henriquepinheiro18@gmail.com
18/08/2024, 10:26:08: INFO - Roles retornados por User: henriquepinheiro18@gmail.com
18/08/2024, 10:26:08: INFO - Roles retornados por User: henriquepinheiro18@gmail.com
18/08/2024, 11:01:15: INFO - Roles retornados por User: henriquepinheiro18@gmail.com
18/08/2024, 11:01:15: INFO - Roles retornados por User: henriquepinheiro18@gmail.com
18/08/2024, 14:14:50: INFO - Roles retornados por User: henriquepinheiro18@gmail.com
18/08/2024, 14:14:50: INFO - Roles retornados por User: henriquepinheiro18@gmail.com
18/08/2024, 14:44:45: INFO - Roles retornados por User: henriquepinheiro18@gmail.com
18/08/2024, 14:44:45: INFO - Roles retornados por User: henriquepinheiro18@gmail.com
24/08/2024, 14:41:58: INFO - Roles retornados por User: henriquepinheiro18@gmail.com
24/08/2024, 14:41:58: INFO - Roles retornados por User: henriquepinheiro18@gmail.com
24/08/2024, 14:43:43: INFO - Roles retornados por User: henriquepinheiro18@gmail.com
24/08/2024, 14:43:45: INFO - Roles retornados por User: henriquepinheiro18@gmail.com
24/08/2024, 14:43:45: INFO - Roles retornados por User: henriquepinheiro18@gmail.com
24/08/2024, 14:45:37: INFO - Roles retornados por User: henriquepinheiro18@gmail.com
24/08/2024, 14:45:39: INFO - Roles retornados por User: henriquepinheiro18@gmail.com
24/08/2024, 14:49:24: INFO - Roles retornados por User: henriquepinheiro18@gmail.com
24/08/2024, 14:49:24: INFO - Roles retornados por User: henriquepinheiro18@gmail.com
25/08/2024, 10:25:23: INFO - Roles retornados por User: henriquepinheiro18@gmail.com
25/08/2024, 10:25:23: INFO - Roles retornados por User: henriquepinheiro18@gmail.com
06/09/2024, 09:38:13: INFO - Roles retornados por User: henriquepinheiro18@gmail.com
06/09/2024, 09:38:13: INFO - Roles retornados por User: henriquepinheiro18@gmail.com
12/09/2024, 09:58:59: INFO - Roles retornados por User: henriquepinheiro18@gmail.com
12/09/2024, 09:58:59: INFO - Roles retornados por User: henriquepinheiro18@gmail.com
12/09/2024, 10:04:01: INFO - Roles retornados por User: henriquepinheiro18@gmail.com
12/09/2024, 10:04:01: INFO - Roles retornados por User: henriquepinheiro18@gmail.com
12/09/2024, 10:21:40: INFO - Roles retornados por User: henriquepinheiro18@gmail.com
12/09/2024, 10:21:40: INFO - Roles retornados por User: henriquepinheiro18@gmail.com
12/09/2024, 10:34:55: INFO - Roles retornados por User: henriquepinheiro18@gmail.com
12/09/2024, 10:34:55: INFO - Roles retornados por User: henriquepinheiro18@gmail.com
12/09/2024, 19:58:01: INFO - Roles retornados por User: henriquepinheiro18@gmail.com
12/09/2024, 19:58:02: INFO - Roles retornados por User: henriquepinheiro18@gmail.com
12/09/2024, 20:00:05: INFO - Roles retornados por User: henriquepinheiro18@gmail.com
12/09/2024, 20:00:05: INFO - Roles retornados por User: henriquepinheiro18@gmail.com
12/09/2024, 20:00:11: INFO - Roles retornados por User: henriquepinheiro18@gmail.com
12/09/2024, 20:00:11: INFO - Roles retornados por User: henriquepinheiro18@gmail.com
12/09/2024, 20:05:33: INFO - Roles retornados por User: henriquepinheiro18@gmail.com
12/09/2024, 20:05:35: INFO - Roles retornados por User: henriquepinheiro18@gmail.com
12/09/2024, 20:05:53: INFO - Roles retornados por User: henriquepinheiro18@gmail.com
12/09/2024, 20:05:53: INFO - Roles retornados por User: henriquepinheiro18@gmail.com
12/09/2024, 20:06:53: INFO - Roles retornados por User: henriquepinheiro18@gmail.com
12/09/2024, 20:06:53: INFO - Roles retornados por User: henriquepinheiro18@gmail.com
14/09/2024, 09:31:31: INFO - Roles retornados por User: henriquepinheiro18@gmail.com
14/09/2024, 09:31:31: INFO - Roles retornados por User: henriquepinheiro18@gmail.com
20/10/2024, 09:46:52: INFO - Roles retornados por User: henriquepinheiro18@gmail.com
20/10/2024, 09:46:54: INFO - Roles retornados por User: henriquepinheiro18@gmail.com
20/10/2024, 09:50:47: INFO - Roles retornados por User: henriquepinheiro18@gmail.com
20/10/2024, 09:50:49: INFO - Roles retornados por User: henriquepinheiro18@gmail.com
